<?xml version="1.0" encoding="UTF-8"?>
<testsuite xmlns:xsi="http://www.w3.org/2001/XMLSchema-instance" xsi:noNamespaceSchemaLocation="https://maven.apache.org/surefire/maven-surefire-plugin/xsd/surefire-test-report-3.0.xsd" version="3.0" name="za.co.wallet.AutowithdrawalApplicationTests" time="4.695" tests="1" errors="0" skipped="0" failures="0">
  <properties>
[...]
</properties>
  <testcase name="contextLoads" classname="za.co.wallet.AutowithdrawalApplicationTests" time="0.406">
    <system-out><![CDATA[16:57:10.512 [main] INFO org.springframework.test.context.support.AnnotationConfigContextLoaderUtils -- Could not detect default configuration classes for test class [za.co.wallet.AutowithdrawalApplicationTests]: AutowithdrawalApplicationTests does not declare any static, non-private, non-final, nested classes annotated with @Configuration.
16:57:10.574 [main] INFO org.springframework.boot.test.context.SpringBootTestContextBootstrapper -- Found @SpringBootConfiguration za.co.wallet.WalletApplication for test class za.co.wallet.AutowithdrawalApplicationTests

  .   ____          _            __ _ _
 /\\ / ___'_ __ _ _(_)_ __  __ _ \ \ \ \
( ( )\___ | '_ | '_| | '_ \/ _` | \ \ \ \
 \\/  ___)| |_)| | | | | || (_| |  ) ) ) )
  '  |____| .__|_| |_|_| |_\__, | / / / /
 =========|_|==============|___/=/_/_/_/
 :: Spring Boot ::                (v3.1.1)

2023-08-01T16:57:10.834+02:00  INFO 43494 --- [           main] z.c.w.AutowithdrawalApplicationTests     : Starting AutowithdrawalApplicationTests using Java 17 with PID 43494 (started by cycracker in /home/cycracker/workspace/wallet)
2023-08-01T16:57:10.835+02:00  INFO 43494 --- [           main] z.c.w.AutowithdrawalApplicationTests     : No active profile set, falling back to 1 default profile: "default"
2023-08-01T16:57:11.435+02:00  INFO 43494 --- [           main] .s.d.r.c.RepositoryConfigurationDelegate : Bootstrapping Spring Data JPA repositories in DEFAULT mode.
2023-08-01T16:57:11.480+02:00  INFO 43494 --- [           main] .s.d.r.c.RepositoryConfigurationDelegate : Finished Spring Data repository scanning in 39 ms. Found 4 JPA repository interfaces.
2023-08-01T16:57:11.805+02:00  INFO 43494 --- [           main] com.zaxxer.hikari.HikariDataSource       : HikariPool-1 - Starting...
2023-08-01T16:57:11.990+02:00  INFO 43494 --- [           main] com.zaxxer.hikari.pool.HikariPool        : HikariPool-1 - Added connection org.postgresql.jdbc.PgConnection@4451f60c
2023-08-01T16:57:11.992+02:00  INFO 43494 --- [           main] com.zaxxer.hikari.HikariDataSource       : HikariPool-1 - Start completed.
2023-08-01T16:57:12.058+02:00  INFO 43494 --- [           main] o.hibernate.jpa.internal.util.LogHelper  : HHH000204: Processing PersistenceUnitInfo [name: default]
2023-08-01T16:57:12.091+02:00  INFO 43494 --- [           main] org.hibernate.Version                    : HHH000412: Hibernate ORM core version 6.2.5.Final
2023-08-01T16:57:12.092+02:00  INFO 43494 --- [           main] org.hibernate.cfg.Environment            : HHH000406: Using bytecode reflection optimizer
2023-08-01T16:57:12.199+02:00  INFO 43494 --- [           main] o.h.b.i.BytecodeProviderInitiator        : HHH000021: Bytecode provider name : bytebuddy
2023-08-01T16:57:12.286+02:00  INFO 43494 --- [           main] o.s.o.j.p.SpringPersistenceUnitInfo      : No LoadTimeWeaver setup: ignoring JPA class transformer
2023-08-01T16:57:12.479+02:00  INFO 43494 --- [           main] o.h.b.i.BytecodeProviderInitiator        : HHH000021: Bytecode provider name : bytebuddy
2023-08-01T16:57:12.967+02:00  INFO 43494 --- [           main] o.h.e.t.j.p.i.JtaPlatformInitiator       : HHH000490: Using JtaPlatform implementation: [org.hibernate.engine.transaction.jta.platform.internal.NoJtaPlatform]
Hibernate: alter table if exists transaction drop constraint if exists FK6g20fcr3bhr6bihgy24rq1r1b
Hibernate: alter table if exists wallet_user drop constraint if exists FK55762cdsnhp59ck3lkmyepbwm
Hibernate: drop table if exists account cascade
Hibernate: drop table if exists transaction cascade
Hibernate: drop table if exists wallet_user cascade
Hibernate: create table account (balance numeric(38,2), id serial not null, primary key (id))
Hibernate: create table transaction (account_id integer, amount numeric(38,2), new_balance numeric(38,2), old_balance numeric(38,2), status smallint check (status between 0 and 2), transaction_type smallint check (transaction_type between 0 and 1), id bigserial not null, primary key (id))
Hibernate: create table wallet_user (account_id integer unique, created timestamp(6), id bigserial not null, email varchar(255), password varchar(255), username varchar(255), primary key (id))
Hibernate: alter table if exists transaction add constraint FK6g20fcr3bhr6bihgy24rq1r1b foreign key (account_id) references account
Hibernate: alter table if exists wallet_user add constraint FK55762cdsnhp59ck3lkmyepbwm foreign key (account_id) references account
2023-08-01T16:57:13.036+02:00  INFO 43494 --- [           main] j.LocalContainerEntityManagerFactoryBean : Initialized JPA EntityManagerFactory for persistence unit 'default'
2023-08-01T16:57:13.396+02:00  INFO 43494 --- [           main] org.dozer.config.GlobalSettings          : Trying to find Dozer configuration file: dozer.properties
2023-08-01T16:57:13.401+02:00  WARN 43494 --- [           main] org.dozer.config.GlobalSettings          : Dozer configuration file not found: dozer.properties.  Using defaults for all Dozer global properties.
2023-08-01T16:57:13.402+02:00  INFO 43494 --- [           main] org.dozer.DozerInitializer               : Initializing Dozer. Version: 5.5.0, Thread Name: main
2023-08-01T16:57:13.471+02:00  INFO 43494 --- [           main] org.dozer.jmx.JMXPlatformImpl            : Dozer JMX MBean [org.dozer.jmx:type=DozerStatisticsController] auto registered with the Platform MBean Server
2023-08-01T16:57:13.472+02:00  INFO 43494 --- [           main] org.dozer.jmx.JMXPlatformImpl            : Dozer JMX MBean [org.dozer.jmx:type=DozerAdminController] auto registered with the Platform MBean Server
2023-08-01T16:57:13.473+02:00  INFO 43494 --- [           main] org.dozer.DozerBeanMapper                : Initializing a new instance of dozer bean mapper.
2023-08-01T16:57:13.630+02:00  WARN 43494 --- [           main] JpaBaseConfiguration$JpaWebConfiguration : spring.jpa.open-in-view is enabled by default. Therefore, database queries may be performed during view rendering. Explicitly configure spring.jpa.open-in-view to disable this warning
2023-08-01T16:57:14.602+02:00  INFO 43494 --- [           main] o.s.a.r.c.CachingConnectionFactory       : Attempting to connect to: localhost:5672
2023-08-01T16:57:14.636+02:00  INFO 43494 --- [           main] o.s.a.r.c.CachingConnectionFactory       : Created new connection: connectionFactory#4cd9ee2c:0/SimpleConnection@34e1c23d [delegate=amqp://guest@127.0.0.1:5672/, localPort=55204]
2023-08-01T16:57:14.684+02:00  INFO 43494 --- [           main] z.c.w.AutowithdrawalApplicationTests     : Started AutowithdrawalApplicationTests in 4.011 seconds (process running for 4.666)
]]></system-out>
  </testcase>
</testsuite>